<?xml version="1.0" encoding="UTF-8"?>
<testng-results skipped="0" failed="0" ignored="0" total="1" passed="1">
  <reporter-output>
  </reporter-output>
  <suite name="Default suite" duration-ms="45" started-at="2017-03-26T09:35:28Z" finished-at="2017-03-26T09:35:28Z">
    <groups>
    </groups>
    <test name="Default test" duration-ms="45" started-at="2017-03-26T09:35:28Z" finished-at="2017-03-26T09:35:28Z">
      <class name="NewTestNG">
        <test-method status="PASS" signature="beforeTest()[pri:0, instance:NewTestNG@6d78f375]" name="beforeTest" is-config="true" duration-ms="16" started-at="2017-03-26T17:35:28Z" finished-at="2017-03-26T17:35:28Z">
          <reporter-output>
          </reporter-output>
        </test-method> <!-- beforeTest -->
        <test-method status="PASS" signature="afterTest()[pri:0, instance:NewTestNG@6d78f375]" name="afterTest" is-config="true" duration-ms="16" started-at="2017-03-26T17:35:28Z" finished-at="2017-03-26T17:35:28Z">
          <reporter-output>
          </reporter-output>
        </test-method> <!-- afterTest -->
        <test-method status="PASS" signature="f()[pri:0, instance:NewTestNG@6d78f375]" name="f" duration-ms="0" started-at="2017-03-26T17:35:28Z" finished-at="2017-03-26T17:35:28Z">
          <reporter-output>
          </reporter-output>
        </test-method> <!-- f -->
      </class> <!-- NewTestNG -->
    </test> <!-- Default test -->
  </suite> <!-- Default suite -->
</testng-results>
