<?xml version="1.0" encoding="UTF-8"?>
<testng-results skipped="0" failed="0" ignored="0" total="1" passed="1">
  <reporter-output>
  </reporter-output>
  <suite name="Default suite" duration-ms="106" started-at="2016-12-15T06:28:30Z" finished-at="2016-12-15T06:28:31Z">
    <groups>
    </groups>
    <test name="Default test" duration-ms="106" started-at="2016-12-15T06:28:30Z" finished-at="2016-12-15T06:28:31Z">
      <class name="NewTestNG">
        <test-method status="PASS" signature="beforeTest()[pri:0, instance:NewTestNG@4439f31e]" name="beforeTest" is-config="true" duration-ms="21" started-at="2016-12-15T14:28:30Z" finished-at="2016-12-15T14:28:30Z">
          <reporter-output>
          </reporter-output>
        </test-method> <!-- beforeTest -->
        <test-method status="PASS" signature="f()[pri:0, instance:NewTestNG@4439f31e]" name="f" duration-ms="33" started-at="2016-12-15T14:28:30Z" finished-at="2016-12-15T14:28:31Z">
          <reporter-output>
          </reporter-output>
        </test-method> <!-- f -->
        <test-method status="PASS" signature="afterTest()[pri:0, instance:NewTestNG@4439f31e]" name="afterTest" is-config="true" duration-ms="1" started-at="2016-12-15T14:28:31Z" finished-at="2016-12-15T14:28:31Z">
          <reporter-output>
          </reporter-output>
        </test-method> <!-- afterTest -->
      </class> <!-- NewTestNG -->
    </test> <!-- Default test -->
  </suite> <!-- Default suite -->
</testng-results>
